<?xml version="1.0" encoding="UTF-8"?>
<testng-results ignored="0" total="1" passed="1" failed="0" skipped="0">
  <reporter-output>
  </reporter-output>
  <suite started-at="2023-08-02T21:38:44 CDT" name="Default suite" finished-at="2023-08-02T21:39:40 CDT" duration-ms="55943">
    <groups>
      <group name="cucumber">
        <method signature="AbstractTestNGCucumberTests.feature(cucumber.api.testng.CucumberFeatureWrapper)[pri:0, instance:RGPS_TestRunner.RGPS_TestRunner@268f106e]" name="feature" class="cucumber.api.testng.AbstractTestNGCucumberTests"/>
      </group> <!-- cucumber -->
    </groups>
    <test started-at="2023-08-02T21:38:44 CDT" name="Default test" finished-at="2023-08-02T21:39:40 CDT" duration-ms="55943">
      <class name="RGPS_TestRunner.RGPS_TestRunner">
        <test-method is-config="true" signature="RGPS_Starturl()[pri:0, instance:RGPS_TestRunner.RGPS_TestRunner@268f106e]" started-at="2023-08-02T21:38:44 CDT" name="RGPS_Starturl" finished-at="2023-08-02T21:38:48 CDT" duration-ms="3833" status="PASS">
          <reporter-output>
          </reporter-output>
        </test-method> <!-- RGPS_Starturl -->
        <test-method is-config="true" signature="setUpClass()[pri:0, instance:RGPS_TestRunner.RGPS_TestRunner@268f106e]" started-at="2023-08-02T21:38:48 CDT" name="setUpClass" finished-at="2023-08-02T21:38:48 CDT" duration-ms="418" status="PASS">
          <reporter-output>
          </reporter-output>
        </test-method> <!-- setUpClass -->
        <test-method signature="feature(cucumber.api.testng.CucumberFeatureWrapper)[pri:0, instance:RGPS_TestRunner.RGPS_TestRunner@268f106e]" started-at="2023-08-02T21:38:49 CDT" name="feature" description="Runs Cucumber Feature" data-provider="features" finished-at="2023-08-02T21:39:39 CDT" duration-ms="50677" status="PASS">
          <params>
            <param index="0">
              <value>
                <![CDATA[This is sign in page display]]>
              </value>
            </param>
          </params>
          <reporter-output>
          </reporter-output>
        </test-method> <!-- feature -->
        <test-method is-config="true" signature="tearDownClass()[pri:0, instance:RGPS_TestRunner.RGPS_TestRunner@268f106e]" started-at="2023-08-02T21:39:39 CDT" name="tearDownClass" finished-at="2023-08-02T21:39:39 CDT" duration-ms="23" status="PASS">
          <reporter-output>
          </reporter-output>
        </test-method> <!-- tearDownClass -->
        <test-method is-config="true" signature="RGPS_Closeurl()[pri:0, instance:RGPS_TestRunner.RGPS_TestRunner@268f106e]" started-at="2023-08-02T21:39:39 CDT" name="RGPS_Closeurl" finished-at="2023-08-02T21:39:40 CDT" duration-ms="620" status="PASS">
          <reporter-output>
          </reporter-output>
        </test-method> <!-- RGPS_Closeurl -->
      </class> <!-- RGPS_TestRunner.RGPS_TestRunner -->
    </test> <!-- Default test -->
  </suite> <!-- Default suite -->
</testng-results>
